2026-01-23 22:48:44,381 [ERROR] LogOutputStream:75 - [STDERR_REDIRECT] Jan 23, 2026 10:48:44 PM org.eclipse.lsp4j.jsonrpc.services.GenericEndpoint notify
2026-01-23 22:48:44,393 [ERROR] LogOutputStream:75 - [STDERR_REDIRECT] ADVERTÊNCIA: Unsupported notification method: statusNotification
2026-01-23 22:48:44,394 [ERROR] LogOutputStream:75 - [STDERR_REDIRECT] 
2026-01-23 22:48:44,396 [ERROR] LogOutputStream:75 - [STDERR_REDIRECT] Jan 23, 2026 10:48:44 PM org.eclipse.lsp4j.jsonrpc.services.GenericEndpoint notify
2026-01-23 22:48:44,399 [ERROR] LogOutputStream:75 - [STDERR_REDIRECT] ADVERTÊNCIA: Unsupported notification method: didChangeStatus
2026-01-23 22:48:44,400 [ERROR] LogOutputStream:75 - [STDERR_REDIRECT] 
2026-01-23 22:48:45,166 [ERROR] LogOutputStream:75 - [STDERR_REDIRECT] Jan 23, 2026 10:48:45 PM org.eclipse.lsp4j.jsonrpc.services.GenericEndpoint notify
2026-01-23 22:48:45,172 [ERROR] LogOutputStream:75 - [STDERR_REDIRECT] ADVERTÊNCIA: Unsupported notification method: statusNotification
2026-01-23 22:48:45,172 [ERROR] LogOutputStream:75 - [STDERR_REDIRECT] 
2026-01-23 22:48:45,181 [ERROR] LogOutputStream:75 - [STDERR_REDIRECT] Jan 23, 2026 10:48:45 PM org.eclipse.lsp4j.jsonrpc.services.GenericEndpoint notify
2026-01-23 22:48:45,182 [ERROR] LogOutputStream:75 - [STDERR_REDIRECT] ADVERTÊNCIA: Unsupported notification method: didChangeStatus
2026-01-23 22:48:45,182 [ERROR] LogOutputStream:75 - [STDERR_REDIRECT] 
2026-01-23 22:48:45,289 [ERROR] LogOutputStream:75 - [STDERR_REDIRECT] Jan 23, 2026 10:48:45 PM org.eclipse.lsp4j.jsonrpc.services.GenericEndpoint notify
2026-01-23 22:48:45,291 [ERROR] LogOutputStream:75 - [STDERR_REDIRECT] ADVERTÊNCIA: Unsupported notification method: statusNotification
2026-01-23 22:48:45,293 [ERROR] LogOutputStream:75 - [STDERR_REDIRECT] 
2026-01-23 22:48:45,298 [ERROR] LogOutputStream:75 - [STDERR_REDIRECT] Jan 23, 2026 10:48:45 PM org.eclipse.lsp4j.jsonrpc.services.GenericEndpoint notify
2026-01-23 22:48:45,300 [ERROR] LogOutputStream:75 - [STDERR_REDIRECT] ADVERTÊNCIA: Unsupported notification method: didChangeStatus
2026-01-23 22:48:45,302 [ERROR] LogOutputStream:75 - [STDERR_REDIRECT] 
2026-01-23 22:48:46,089 [ERROR] LogOutputStream:75 - [STDERR_REDIRECT] Jan 23, 2026 10:48:46 PM org.eclipse.lsp4j.jsonrpc.services.GenericEndpoint notify
2026-01-23 22:48:46,091 [ERROR] LogOutputStream:75 - [STDERR_REDIRECT] ADVERTÊNCIA: Unsupported notification method: statusNotification
2026-01-23 22:48:46,093 [ERROR] LogOutputStream:75 - [STDERR_REDIRECT] 
2026-01-23 22:48:46,099 [ERROR] LogOutputStream:75 - [STDERR_REDIRECT] Jan 23, 2026 10:48:46 PM org.eclipse.lsp4j.jsonrpc.services.GenericEndpoint notify
2026-01-23 22:48:46,104 [ERROR] LogOutputStream:75 - [STDERR_REDIRECT] ADVERTÊNCIA: Unsupported notification method: didChangeStatus
2026-01-23 22:48:46,104 [ERROR] LogOutputStream:75 - [STDERR_REDIRECT] 
2026-01-23 22:48:46,190 [ERROR] LogOutputStream:75 - [STDERR_REDIRECT] Jan 23, 2026 10:48:46 PM org.eclipse.lsp4j.jsonrpc.services.GenericEndpoint notify
2026-01-23 22:48:46,196 [ERROR] LogOutputStream:75 - [STDERR_REDIRECT] ADVERTÊNCIA: Unsupported notification method: statusNotification
2026-01-23 22:48:46,198 [ERROR] LogOutputStream:75 - [STDERR_REDIRECT] 
2026-01-23 22:48:46,202 [ERROR] LogOutputStream:75 - [STDERR_REDIRECT] Jan 23, 2026 10:48:46 PM org.eclipse.lsp4j.jsonrpc.services.GenericEndpoint notify
2026-01-23 22:48:46,207 [ERROR] LogOutputStream:75 - [STDERR_REDIRECT] ADVERTÊNCIA: Unsupported notification method: didChangeStatus
2026-01-23 22:48:46,207 [ERROR] LogOutputStream:75 - [STDERR_REDIRECT] 
2026-01-23 22:48:46,797 [ERROR] LogOutputStream:75 - [STDERR_REDIRECT] Jan 23, 2026 10:48:46 PM org.eclipse.lsp4j.jsonrpc.services.GenericEndpoint notify
2026-01-23 22:48:46,801 [ERROR] LogOutputStream:75 - [STDERR_REDIRECT] ADVERTÊNCIA: Unsupported notification method: statusNotification
2026-01-23 22:48:46,801 [ERROR] LogOutputStream:75 - [STDERR_REDIRECT] 
2026-01-23 22:48:46,807 [ERROR] LogOutputStream:75 - [STDERR_REDIRECT] Jan 23, 2026 10:48:46 PM org.eclipse.lsp4j.jsonrpc.services.GenericEndpoint notify
2026-01-23 22:48:46,811 [ERROR] LogOutputStream:75 - [STDERR_REDIRECT] ADVERTÊNCIA: Unsupported notification method: didChangeStatus
2026-01-23 22:48:46,811 [ERROR] LogOutputStream:75 - [STDERR_REDIRECT] 
2026-01-23 22:49:10,049 [ERROR] LogOutputStream:75 - [STDERR_REDIRECT] Jan 23, 2026 10:49:10 PM org.eclipse.lsp4j.jsonrpc.services.GenericEndpoint notify
2026-01-23 22:49:10,049 [ERROR] LogOutputStream:75 - [STDERR_REDIRECT] ADVERTÊNCIA: Unsupported notification method: statusNotification
2026-01-23 22:49:10,049 [ERROR] LogOutputStream:75 - [STDERR_REDIRECT] 
2026-01-23 22:49:10,049 [ERROR] LogOutputStream:75 - [STDERR_REDIRECT] Jan 23, 2026 10:49:10 PM org.eclipse.lsp4j.jsonrpc.services.GenericEndpoint notify
2026-01-23 22:49:10,049 [ERROR] LogOutputStream:75 - [STDERR_REDIRECT] ADVERTÊNCIA: Unsupported notification method: didChangeStatus
2026-01-23 22:49:10,049 [ERROR] LogOutputStream:75 - [STDERR_REDIRECT] 
2026-01-23 22:49:10,859 [ERROR] LogOutputStream:75 - [STDERR_REDIRECT] Jan 23, 2026 10:49:10 PM org.eclipse.lsp4j.jsonrpc.services.GenericEndpoint notify
2026-01-23 22:49:10,861 [ERROR] LogOutputStream:75 - [STDERR_REDIRECT] ADVERTÊNCIA: Unsupported notification method: statusNotification
2026-01-23 22:49:10,861 [ERROR] LogOutputStream:75 - [STDERR_REDIRECT] 
2026-01-23 22:49:10,863 [ERROR] LogOutputStream:75 - [STDERR_REDIRECT] Jan 23, 2026 10:49:10 PM org.eclipse.lsp4j.jsonrpc.services.GenericEndpoint notify
2026-01-23 22:49:10,865 [ERROR] LogOutputStream:75 - [STDERR_REDIRECT] ADVERTÊNCIA: Unsupported notification method: didChangeStatus
2026-01-23 22:49:10,865 [ERROR] LogOutputStream:75 - [STDERR_REDIRECT] 
2026-01-23 22:49:10,891 [ERROR] LogOutputStream:75 - [STDERR_REDIRECT] Jan 23, 2026 10:49:10 PM org.eclipse.lsp4j.jsonrpc.services.GenericEndpoint notify
2026-01-23 22:49:10,892 [ERROR] LogOutputStream:75 - [STDERR_REDIRECT] ADVERTÊNCIA: Unsupported notification method: statusNotification
2026-01-23 22:49:10,892 [ERROR] LogOutputStream:75 - [STDERR_REDIRECT] 
2026-01-23 22:49:10,894 [ERROR] LogOutputStream:75 - [STDERR_REDIRECT] Jan 23, 2026 10:49:10 PM org.eclipse.lsp4j.jsonrpc.services.GenericEndpoint notify
2026-01-23 22:49:10,895 [ERROR] LogOutputStream:75 - [STDERR_REDIRECT] ADVERTÊNCIA: Unsupported notification method: didChangeStatus
2026-01-23 22:49:10,895 [ERROR] LogOutputStream:75 - [STDERR_REDIRECT] 
2026-01-23 22:49:11,472 [ERROR] LogOutputStream:75 - [STDERR_REDIRECT] Jan 23, 2026 10:49:11 PM org.eclipse.lsp4j.jsonrpc.services.GenericEndpoint notify
2026-01-23 22:49:11,472 [ERROR] LogOutputStream:75 - [STDERR_REDIRECT] ADVERTÊNCIA: Unsupported notification method: statusNotification
2026-01-23 22:49:11,473 [ERROR] LogOutputStream:75 - [STDERR_REDIRECT] 
2026-01-23 22:49:11,474 [ERROR] LogOutputStream:75 - [STDERR_REDIRECT] Jan 23, 2026 10:49:11 PM org.eclipse.lsp4j.jsonrpc.services.GenericEndpoint notify
2026-01-23 22:49:11,475 [ERROR] LogOutputStream:75 - [STDERR_REDIRECT] ADVERTÊNCIA: Unsupported notification method: didChangeStatus
2026-01-23 22:49:11,475 [ERROR] LogOutputStream:75 - [STDERR_REDIRECT] 
2026-01-23 22:49:11,506 [ERROR] LogOutputStream:75 - [STDERR_REDIRECT] Jan 23, 2026 10:49:11 PM org.eclipse.lsp4j.jsonrpc.services.GenericEndpoint notify
2026-01-23 22:49:11,507 [ERROR] LogOutputStream:75 - [STDERR_REDIRECT] ADVERTÊNCIA: Unsupported notification method: statusNotification
2026-01-23 22:49:11,507 [ERROR] LogOutputStream:75 - [STDERR_REDIRECT] 
2026-01-23 22:49:11,508 [ERROR] LogOutputStream:75 - [STDERR_REDIRECT] Jan 23, 2026 10:49:11 PM org.eclipse.lsp4j.jsonrpc.services.GenericEndpoint notify
2026-01-23 22:49:11,509 [ERROR] LogOutputStream:75 - [STDERR_REDIRECT] ADVERTÊNCIA: Unsupported notification method: didChangeStatus
2026-01-23 22:49:11,509 [ERROR] LogOutputStream:75 - [STDERR_REDIRECT] 
2026-01-23 22:49:12,349 [ERROR] LogOutputStream:75 - [STDERR_REDIRECT] Jan 23, 2026 10:49:12 PM org.eclipse.lsp4j.jsonrpc.services.GenericEndpoint notify
2026-01-23 22:49:12,349 [ERROR] LogOutputStream:75 - [STDERR_REDIRECT] ADVERTÊNCIA: Unsupported notification method: statusNotification
2026-01-23 22:49:12,351 [ERROR] LogOutputStream:75 - [STDERR_REDIRECT] 
2026-01-23 22:49:12,353 [ERROR] LogOutputStream:75 - [STDERR_REDIRECT] Jan 23, 2026 10:49:12 PM org.eclipse.lsp4j.jsonrpc.services.GenericEndpoint notify
2026-01-23 22:49:12,355 [ERROR] LogOutputStream:75 - [STDERR_REDIRECT] ADVERTÊNCIA: Unsupported notification method: didChangeStatus
2026-01-23 22:49:12,355 [ERROR] LogOutputStream:75 - [STDERR_REDIRECT] 
2026-01-23 22:49:12,377 [ERROR] LogOutputStream:75 - [STDERR_REDIRECT] Jan 23, 2026 10:49:12 PM org.eclipse.lsp4j.jsonrpc.services.GenericEndpoint notify
2026-01-23 22:49:12,378 [ERROR] LogOutputStream:75 - [STDERR_REDIRECT] ADVERTÊNCIA: Unsupported notification method: statusNotification
2026-01-23 22:49:12,379 [ERROR] LogOutputStream:75 - [STDERR_REDIRECT] 
2026-01-23 22:49:12,381 [ERROR] LogOutputStream:75 - [STDERR_REDIRECT] Jan 23, 2026 10:49:12 PM org.eclipse.lsp4j.jsonrpc.services.GenericEndpoint notify
2026-01-23 22:49:12,383 [ERROR] LogOutputStream:75 - [STDERR_REDIRECT] ADVERTÊNCIA: Unsupported notification method: didChangeStatus
2026-01-23 22:49:12,383 [ERROR] LogOutputStream:75 - [STDERR_REDIRECT] 
2026-01-23 22:49:12,385 [ERROR] LogOutputStream:75 - [STDERR_REDIRECT] Jan 23, 2026 10:49:12 PM org.eclipse.lsp4j.jsonrpc.services.GenericEndpoint notify
2026-01-23 22:49:12,386 [ERROR] LogOutputStream:75 - [STDERR_REDIRECT] ADVERTÊNCIA: Unsupported notification method: statusNotification
2026-01-23 22:49:12,387 [ERROR] LogOutputStream:75 - [STDERR_REDIRECT] 
2026-01-23 22:49:12,388 [ERROR] LogOutputStream:75 - [STDERR_REDIRECT] Jan 23, 2026 10:49:12 PM org.eclipse.lsp4j.jsonrpc.services.GenericEndpoint notify
2026-01-23 22:49:12,389 [ERROR] LogOutputStream:75 - [STDERR_REDIRECT] ADVERTÊNCIA: Unsupported notification method: didChangeStatus
2026-01-23 22:49:12,390 [ERROR] LogOutputStream:75 - [STDERR_REDIRECT] 
2026-01-23 22:49:12,503 [ERROR] LogOutputStream:75 - [STDERR_REDIRECT] Jan 23, 2026 10:49:12 PM org.eclipse.lsp4j.jsonrpc.services.GenericEndpoint notify
2026-01-23 22:49:12,504 [ERROR] LogOutputStream:75 - [STDERR_REDIRECT] ADVERTÊNCIA: Unsupported notification method: statusNotification
2026-01-23 22:49:12,505 [ERROR] LogOutputStream:75 - [STDERR_REDIRECT] 
2026-01-23 22:49:12,507 [ERROR] LogOutputStream:75 - [STDERR_REDIRECT] Jan 23, 2026 10:49:12 PM org.eclipse.lsp4j.jsonrpc.services.GenericEndpoint notify
2026-01-23 22:49:12,508 [ERROR] LogOutputStream:75 - [STDERR_REDIRECT] ADVERTÊNCIA: Unsupported notification method: didChangeStatus
2026-01-23 22:49:12,508 [ERROR] LogOutputStream:75 - [STDERR_REDIRECT] 
2026-01-23 22:49:12,510 [ERROR] LogOutputStream:75 - [STDERR_REDIRECT] Jan 23, 2026 10:49:12 PM org.eclipse.lsp4j.jsonrpc.services.GenericEndpoint notify
2026-01-23 22:49:12,511 [ERROR] LogOutputStream:75 - [STDERR_REDIRECT] ADVERTÊNCIA: Unsupported notification method: statusNotification
2026-01-23 22:49:12,511 [ERROR] LogOutputStream:75 - [STDERR_REDIRECT] 
2026-01-23 22:49:12,513 [ERROR] LogOutputStream:75 - [STDERR_REDIRECT] Jan 23, 2026 10:49:12 PM org.eclipse.lsp4j.jsonrpc.services.GenericEndpoint notify
2026-01-23 22:49:12,514 [ERROR] LogOutputStream:75 - [STDERR_REDIRECT] ADVERTÊNCIA: Unsupported notification method: didChangeStatus
2026-01-23 22:49:12,514 [ERROR] LogOutputStream:75 - [STDERR_REDIRECT] 
2026-01-23 22:49:12,615 [ERROR] LogOutputStream:75 - [STDERR_REDIRECT] Jan 23, 2026 10:49:12 PM org.eclipse.lsp4j.jsonrpc.services.GenericEndpoint notify
2026-01-23 22:49:12,616 [ERROR] LogOutputStream:75 - [STDERR_REDIRECT] ADVERTÊNCIA: Unsupported notification method: statusNotification
2026-01-23 22:49:12,616 [ERROR] LogOutputStream:75 - [STDERR_REDIRECT] 
2026-01-23 22:49:12,618 [ERROR] LogOutputStream:75 - [STDERR_REDIRECT] Jan 23, 2026 10:49:12 PM org.eclipse.lsp4j.jsonrpc.services.GenericEndpoint notify
2026-01-23 22:49:12,620 [ERROR] LogOutputStream:75 - [STDERR_REDIRECT] ADVERTÊNCIA: Unsupported notification method: didChangeStatus
2026-01-23 22:49:12,620 [ERROR] LogOutputStream:75 - [STDERR_REDIRECT] 
2026-01-23 22:49:12,622 [ERROR] LogOutputStream:75 - [STDERR_REDIRECT] Jan 23, 2026 10:49:12 PM org.eclipse.lsp4j.jsonrpc.services.GenericEndpoint notify
2026-01-23 22:49:12,623 [ERROR] LogOutputStream:75 - [STDERR_REDIRECT] ADVERTÊNCIA: Unsupported notification method: statusNotification
2026-01-23 22:49:12,624 [ERROR] LogOutputStream:75 - [STDERR_REDIRECT] 
2026-01-23 22:49:12,625 [ERROR] LogOutputStream:75 - [STDERR_REDIRECT] Jan 23, 2026 10:49:12 PM org.eclipse.lsp4j.jsonrpc.services.GenericEndpoint notify
2026-01-23 22:49:12,626 [ERROR] LogOutputStream:75 - [STDERR_REDIRECT] ADVERTÊNCIA: Unsupported notification method: didChangeStatus
2026-01-23 22:49:12,626 [ERROR] LogOutputStream:75 - [STDERR_REDIRECT] 
2026-01-23 22:49:12,665 [ERROR] LogOutputStream:75 - [STDERR_REDIRECT] Jan 23, 2026 10:49:12 PM org.eclipse.lsp4j.jsonrpc.services.GenericEndpoint notify
2026-01-23 22:49:12,666 [ERROR] LogOutputStream:75 - [STDERR_REDIRECT] ADVERTÊNCIA: Unsupported notification method: statusNotification
2026-01-23 22:49:12,666 [ERROR] LogOutputStream:75 - [STDERR_REDIRECT] 
2026-01-23 22:49:12,668 [ERROR] LogOutputStream:75 - [STDERR_REDIRECT] Jan 23, 2026 10:49:12 PM org.eclipse.lsp4j.jsonrpc.services.GenericEndpoint notify
2026-01-23 22:49:12,669 [ERROR] LogOutputStream:75 - [STDERR_REDIRECT] ADVERTÊNCIA: Unsupported notification method: didChangeStatus
2026-01-23 22:49:12,669 [ERROR] LogOutputStream:75 - [STDERR_REDIRECT] 
2026-01-23 22:49:13,214 [ERROR] LogOutputStream:75 - [STDERR_REDIRECT] Jan 23, 2026 10:49:13 PM org.eclipse.lsp4j.jsonrpc.services.GenericEndpoint notify
2026-01-23 22:49:13,216 [ERROR] LogOutputStream:75 - [STDERR_REDIRECT] ADVERTÊNCIA: Unsupported notification method: statusNotification
2026-01-23 22:49:13,216 [ERROR] LogOutputStream:75 - [STDERR_REDIRECT] 
2026-01-23 22:49:13,218 [ERROR] LogOutputStream:75 - [STDERR_REDIRECT] Jan 23, 2026 10:49:13 PM org.eclipse.lsp4j.jsonrpc.services.GenericEndpoint notify
2026-01-23 22:49:13,219 [ERROR] LogOutputStream:75 - [STDERR_REDIRECT] ADVERTÊNCIA: Unsupported notification method: didChangeStatus
2026-01-23 22:49:13,219 [ERROR] LogOutputStream:75 - [STDERR_REDIRECT] 
2026-01-23 22:49:16,915 [ERROR] LogOutputStream:75 - [STDERR_REDIRECT] Jan 23, 2026 10:49:16 PM org.eclipse.lsp4j.jsonrpc.services.GenericEndpoint notify
2026-01-23 22:49:16,916 [ERROR] LogOutputStream:75 - [STDERR_REDIRECT] ADVERTÊNCIA: Unsupported notification method: statusNotification
2026-01-23 22:49:16,917 [ERROR] LogOutputStream:75 - [STDERR_REDIRECT] 
2026-01-23 22:49:16,920 [ERROR] LogOutputStream:75 - [STDERR_REDIRECT] Jan 23, 2026 10:49:16 PM org.eclipse.lsp4j.jsonrpc.services.GenericEndpoint notify
2026-01-23 22:49:16,922 [ERROR] LogOutputStream:75 - [STDERR_REDIRECT] ADVERTÊNCIA: Unsupported notification method: didChangeStatus
2026-01-23 22:49:16,922 [ERROR] LogOutputStream:75 - [STDERR_REDIRECT] 
2026-01-23 22:49:17,532 [ERROR] LogOutputStream:75 - [STDERR_REDIRECT] Jan 23, 2026 10:49:17 PM org.eclipse.lsp4j.jsonrpc.services.GenericEndpoint notify
2026-01-23 22:49:17,535 [ERROR] LogOutputStream:75 - [STDERR_REDIRECT] ADVERTÊNCIA: Unsupported notification method: statusNotification
2026-01-23 22:49:17,535 [ERROR] LogOutputStream:75 - [STDERR_REDIRECT] 
2026-01-23 22:49:17,537 [ERROR] LogOutputStream:75 - [STDERR_REDIRECT] Jan 23, 2026 10:49:17 PM org.eclipse.lsp4j.jsonrpc.services.GenericEndpoint notify
2026-01-23 22:49:17,538 [ERROR] LogOutputStream:75 - [STDERR_REDIRECT] ADVERTÊNCIA: Unsupported notification method: didChangeStatus
2026-01-23 22:49:17,538 [ERROR] LogOutputStream:75 - [STDERR_REDIRECT] 
2026-01-23 22:49:17,626 [ERROR] LogOutputStream:75 - [STDERR_REDIRECT] Jan 23, 2026 10:49:17 PM org.eclipse.lsp4j.jsonrpc.services.GenericEndpoint notify
2026-01-23 22:49:17,627 [ERROR] LogOutputStream:75 - [STDERR_REDIRECT] ADVERTÊNCIA: Unsupported notification method: statusNotification
2026-01-23 22:49:17,627 [ERROR] LogOutputStream:75 - [STDERR_REDIRECT] 
2026-01-23 22:49:17,628 [ERROR] LogOutputStream:75 - [STDERR_REDIRECT] Jan 23, 2026 10:49:17 PM org.eclipse.lsp4j.jsonrpc.services.GenericEndpoint notify
2026-01-23 22:49:17,629 [ERROR] LogOutputStream:75 - [STDERR_REDIRECT] ADVERTÊNCIA: Unsupported notification method: didChangeStatus
2026-01-23 22:49:17,629 [ERROR] LogOutputStream:75 - [STDERR_REDIRECT] 
2026-01-23 22:49:17,630 [ERROR] LogOutputStream:75 - [STDERR_REDIRECT] Jan 23, 2026 10:49:17 PM org.eclipse.lsp4j.jsonrpc.services.GenericEndpoint notify
2026-01-23 22:49:17,631 [ERROR] LogOutputStream:75 - [STDERR_REDIRECT] ADVERTÊNCIA: Unsupported notification method: statusNotification
2026-01-23 22:49:17,631 [ERROR] LogOutputStream:75 - [STDERR_REDIRECT] 
2026-01-23 22:49:17,632 [ERROR] LogOutputStream:75 - [STDERR_REDIRECT] Jan 23, 2026 10:49:17 PM org.eclipse.lsp4j.jsonrpc.services.GenericEndpoint notify
2026-01-23 22:49:17,633 [ERROR] LogOutputStream:75 - [STDERR_REDIRECT] ADVERTÊNCIA: Unsupported notification method: didChangeStatus
2026-01-23 22:49:17,633 [ERROR] LogOutputStream:75 - [STDERR_REDIRECT] 
2026-01-23 22:49:17,663 [ERROR] LogOutputStream:75 - [STDERR_REDIRECT] Jan 23, 2026 10:49:17 PM org.eclipse.lsp4j.jsonrpc.services.GenericEndpoint notify
2026-01-23 22:49:17,664 [ERROR] LogOutputStream:75 - [STDERR_REDIRECT] ADVERTÊNCIA: Unsupported notification method: statusNotification
2026-01-23 22:49:17,664 [ERROR] LogOutputStream:75 - [STDERR_REDIRECT] 
2026-01-23 22:49:17,665 [ERROR] LogOutputStream:75 - [STDERR_REDIRECT] Jan 23, 2026 10:49:17 PM org.eclipse.lsp4j.jsonrpc.services.GenericEndpoint notify
2026-01-23 22:49:17,666 [ERROR] LogOutputStream:75 - [STDERR_REDIRECT] ADVERTÊNCIA: Unsupported notification method: didChangeStatus
2026-01-23 22:49:17,667 [ERROR] LogOutputStream:75 - [STDERR_REDIRECT] 
2026-01-23 22:49:18,408 [ERROR] LogOutputStream:75 - [STDERR_REDIRECT] Jan 23, 2026 10:49:18 PM org.eclipse.lsp4j.jsonrpc.services.GenericEndpoint notify
2026-01-23 22:49:18,409 [ERROR] LogOutputStream:75 - [STDERR_REDIRECT] ADVERTÊNCIA: Unsupported notification method: statusNotification
2026-01-23 22:49:18,410 [ERROR] LogOutputStream:75 - [STDERR_REDIRECT] 
2026-01-23 22:49:18,411 [ERROR] LogOutputStream:75 - [STDERR_REDIRECT] Jan 23, 2026 10:49:18 PM org.eclipse.lsp4j.jsonrpc.services.GenericEndpoint notify
2026-01-23 22:49:18,412 [ERROR] LogOutputStream:75 - [STDERR_REDIRECT] ADVERTÊNCIA: Unsupported notification method: didChangeStatus
2026-01-23 22:49:18,412 [ERROR] LogOutputStream:75 - [STDERR_REDIRECT] 
2026-01-23 22:49:49,828 [ERROR] LogOutputStream:75 - [STDERR_REDIRECT] Jan 23, 2026 10:49:49 PM org.eclipse.lsp4j.jsonrpc.services.GenericEndpoint notify
2026-01-23 22:49:49,829 [ERROR] LogOutputStream:75 - [STDERR_REDIRECT] ADVERTÊNCIA: Unsupported notification method: statusNotification
2026-01-23 22:49:49,829 [ERROR] LogOutputStream:75 - [STDERR_REDIRECT] 
2026-01-23 22:49:49,830 [ERROR] LogOutputStream:75 - [STDERR_REDIRECT] Jan 23, 2026 10:49:49 PM org.eclipse.lsp4j.jsonrpc.services.GenericEndpoint notify
2026-01-23 22:49:49,831 [ERROR] LogOutputStream:75 - [STDERR_REDIRECT] ADVERTÊNCIA: Unsupported notification method: didChangeStatus
2026-01-23 22:49:49,831 [ERROR] LogOutputStream:75 - [STDERR_REDIRECT] 
2026-01-23 22:49:50,587 [ERROR] LogOutputStream:75 - [STDERR_REDIRECT] Jan 23, 2026 10:49:50 PM org.eclipse.lsp4j.jsonrpc.services.GenericEndpoint notify
2026-01-23 22:49:50,588 [ERROR] LogOutputStream:75 - [STDERR_REDIRECT] ADVERTÊNCIA: Unsupported notification method: statusNotification
2026-01-23 22:49:50,588 [ERROR] LogOutputStream:75 - [STDERR_REDIRECT] 
2026-01-23 22:49:50,589 [ERROR] LogOutputStream:75 - [STDERR_REDIRECT] Jan 23, 2026 10:49:50 PM org.eclipse.lsp4j.jsonrpc.services.GenericEndpoint notify
2026-01-23 22:49:50,590 [ERROR] LogOutputStream:75 - [STDERR_REDIRECT] ADVERTÊNCIA: Unsupported notification method: didChangeStatus
2026-01-23 22:49:50,590 [ERROR] LogOutputStream:75 - [STDERR_REDIRECT] 
2026-01-23 22:49:50,710 [ERROR] LogOutputStream:75 - [STDERR_REDIRECT] Jan 23, 2026 10:49:50 PM org.eclipse.lsp4j.jsonrpc.services.GenericEndpoint notify
2026-01-23 22:49:50,711 [ERROR] LogOutputStream:75 - [STDERR_REDIRECT] ADVERTÊNCIA: Unsupported notification method: statusNotification
2026-01-23 22:49:50,711 [ERROR] LogOutputStream:75 - [STDERR_REDIRECT] 
2026-01-23 22:49:50,713 [ERROR] LogOutputStream:75 - [STDERR_REDIRECT] Jan 23, 2026 10:49:50 PM org.eclipse.lsp4j.jsonrpc.services.GenericEndpoint notify
2026-01-23 22:49:50,714 [ERROR] LogOutputStream:75 - [STDERR_REDIRECT] ADVERTÊNCIA: Unsupported notification method: didChangeStatus
2026-01-23 22:49:50,714 [ERROR] LogOutputStream:75 - [STDERR_REDIRECT] 
2026-01-23 22:49:51,341 [ERROR] LogOutputStream:75 - [STDERR_REDIRECT] Jan 23, 2026 10:49:51 PM org.eclipse.lsp4j.jsonrpc.services.GenericEndpoint notify
2026-01-23 22:49:51,342 [ERROR] LogOutputStream:75 - [STDERR_REDIRECT] ADVERTÊNCIA: Unsupported notification method: statusNotification
2026-01-23 22:49:51,342 [ERROR] LogOutputStream:75 - [STDERR_REDIRECT] 
2026-01-23 22:49:51,343 [ERROR] LogOutputStream:75 - [STDERR_REDIRECT] Jan 23, 2026 10:49:51 PM org.eclipse.lsp4j.jsonrpc.services.GenericEndpoint notify
2026-01-23 22:49:51,344 [ERROR] LogOutputStream:75 - [STDERR_REDIRECT] ADVERTÊNCIA: Unsupported notification method: didChangeStatus
2026-01-23 22:49:51,344 [ERROR] LogOutputStream:75 - [STDERR_REDIRECT] 
2026-01-23 22:49:51,373 [ERROR] LogOutputStream:75 - [STDERR_REDIRECT] Jan 23, 2026 10:49:51 PM org.eclipse.lsp4j.jsonrpc.services.GenericEndpoint notify
2026-01-23 22:49:51,374 [ERROR] LogOutputStream:75 - [STDERR_REDIRECT] ADVERTÊNCIA: Unsupported notification method: statusNotification
2026-01-23 22:49:51,374 [ERROR] LogOutputStream:75 - [STDERR_REDIRECT] 
2026-01-23 22:49:51,375 [ERROR] LogOutputStream:75 - [STDERR_REDIRECT] Jan 23, 2026 10:49:51 PM org.eclipse.lsp4j.jsonrpc.services.GenericEndpoint notify
2026-01-23 22:49:51,376 [ERROR] LogOutputStream:75 - [STDERR_REDIRECT] ADVERTÊNCIA: Unsupported notification method: didChangeStatus
2026-01-23 22:49:51,376 [ERROR] LogOutputStream:75 - [STDERR_REDIRECT] 
2026-01-23 22:49:52,451 [ERROR] LogOutputStream:75 - [STDERR_REDIRECT] Jan 23, 2026 10:49:52 PM org.eclipse.lsp4j.jsonrpc.services.GenericEndpoint notify
2026-01-23 22:49:52,452 [ERROR] LogOutputStream:75 - [STDERR_REDIRECT] ADVERTÊNCIA: Unsupported notification method: statusNotification
2026-01-23 22:49:52,453 [ERROR] LogOutputStream:75 - [STDERR_REDIRECT] 
2026-01-23 22:49:52,454 [ERROR] LogOutputStream:75 - [STDERR_REDIRECT] Jan 23, 2026 10:49:52 PM org.eclipse.lsp4j.jsonrpc.services.GenericEndpoint notify
2026-01-23 22:49:52,456 [ERROR] LogOutputStream:75 - [STDERR_REDIRECT] ADVERTÊNCIA: Unsupported notification method: didChangeStatus
2026-01-23 22:49:52,456 [ERROR] LogOutputStream:75 - [STDERR_REDIRECT] 
2026-01-23 22:50:30,672 [ERROR] LogOutputStream:75 - [STDERR_REDIRECT] Jan 23, 2026 10:50:30 PM org.eclipse.lsp4j.jsonrpc.services.GenericEndpoint notify
2026-01-23 22:50:30,673 [ERROR] LogOutputStream:75 - [STDERR_REDIRECT] ADVERTÊNCIA: Unsupported notification method: statusNotification
2026-01-23 22:50:30,673 [ERROR] LogOutputStream:75 - [STDERR_REDIRECT] 
2026-01-23 22:50:30,673 [ERROR] LogOutputStream:75 - [STDERR_REDIRECT] Jan 23, 2026 10:50:30 PM org.eclipse.lsp4j.jsonrpc.services.GenericEndpoint notify
2026-01-23 22:50:30,674 [ERROR] LogOutputStream:75 - [STDERR_REDIRECT] ADVERTÊNCIA: Unsupported notification method: didChangeStatus
2026-01-23 22:50:30,674 [ERROR] LogOutputStream:75 - [STDERR_REDIRECT] 
2026-01-23 22:50:31,861 [ERROR] LogOutputStream:75 - [STDERR_REDIRECT] Jan 23, 2026 10:50:31 PM org.eclipse.lsp4j.jsonrpc.services.GenericEndpoint notify
2026-01-23 22:50:31,863 [ERROR] LogOutputStream:75 - [STDERR_REDIRECT] ADVERTÊNCIA: Unsupported notification method: statusNotification
2026-01-23 22:50:31,863 [ERROR] LogOutputStream:75 - [STDERR_REDIRECT] 
2026-01-23 22:50:31,866 [ERROR] LogOutputStream:75 - [STDERR_REDIRECT] Jan 23, 2026 10:50:31 PM org.eclipse.lsp4j.jsonrpc.services.GenericEndpoint notify
2026-01-23 22:50:31,868 [ERROR] LogOutputStream:75 - [STDERR_REDIRECT] ADVERTÊNCIA: Unsupported notification method: didChangeStatus
2026-01-23 22:50:31,868 [ERROR] LogOutputStream:75 - [STDERR_REDIRECT] 
2026-01-23 22:50:31,908 [ERROR] LogOutputStream:75 - [STDERR_REDIRECT] Jan 23, 2026 10:50:31 PM org.eclipse.lsp4j.jsonrpc.services.GenericEndpoint notify
2026-01-23 22:50:31,909 [ERROR] LogOutputStream:75 - [STDERR_REDIRECT] ADVERTÊNCIA: Unsupported notification method: statusNotification
2026-01-23 22:50:31,909 [ERROR] LogOutputStream:75 - [STDERR_REDIRECT] 
2026-01-23 22:50:31,910 [ERROR] LogOutputStream:75 - [STDERR_REDIRECT] Jan 23, 2026 10:50:31 PM org.eclipse.lsp4j.jsonrpc.services.GenericEndpoint notify
2026-01-23 22:50:31,910 [ERROR] LogOutputStream:75 - [STDERR_REDIRECT] ADVERTÊNCIA: Unsupported notification method: didChangeStatus
2026-01-23 22:50:31,910 [ERROR] LogOutputStream:75 - [STDERR_REDIRECT] 
2026-01-23 22:50:32,907 [ERROR] LogOutputStream:75 - [STDERR_REDIRECT] Jan 23, 2026 10:50:32 PM org.eclipse.lsp4j.jsonrpc.services.GenericEndpoint notify
2026-01-23 22:50:32,910 [ERROR] LogOutputStream:75 - [STDERR_REDIRECT] ADVERTÊNCIA: Unsupported notification method: statusNotification
2026-01-23 22:50:32,910 [ERROR] LogOutputStream:75 - [STDERR_REDIRECT] 
2026-01-23 22:50:32,913 [ERROR] LogOutputStream:75 - [STDERR_REDIRECT] Jan 23, 2026 10:50:32 PM org.eclipse.lsp4j.jsonrpc.services.GenericEndpoint notify
2026-01-23 22:50:32,914 [ERROR] LogOutputStream:75 - [STDERR_REDIRECT] ADVERTÊNCIA: Unsupported notification method: didChangeStatus
2026-01-23 22:50:32,914 [ERROR] LogOutputStream:75 - [STDERR_REDIRECT] 
2026-01-23 22:50:37,066 [ERROR] LogOutputStream:75 - [STDERR_REDIRECT] Jan 23, 2026 10:50:37 PM org.eclipse.lsp4j.jsonrpc.services.GenericEndpoint notify
2026-01-23 22:50:37,067 [ERROR] LogOutputStream:75 - [STDERR_REDIRECT] ADVERTÊNCIA: Unsupported notification method: statusNotification
2026-01-23 22:50:37,067 [ERROR] LogOutputStream:75 - [STDERR_REDIRECT] 
2026-01-23 22:50:37,068 [ERROR] LogOutputStream:75 - [STDERR_REDIRECT] Jan 23, 2026 10:50:37 PM org.eclipse.lsp4j.jsonrpc.services.GenericEndpoint notify
2026-01-23 22:50:37,069 [ERROR] LogOutputStream:75 - [STDERR_REDIRECT] ADVERTÊNCIA: Unsupported notification method: didChangeStatus
2026-01-23 22:50:37,069 [ERROR] LogOutputStream:75 - [STDERR_REDIRECT] 
2026-01-23 22:50:38,024 [ERROR] LogOutputStream:75 - [STDERR_REDIRECT] Jan 23, 2026 10:50:38 PM org.eclipse.lsp4j.jsonrpc.services.GenericEndpoint notify
2026-01-23 22:50:38,025 [ERROR] LogOutputStream:75 - [STDERR_REDIRECT] ADVERTÊNCIA: Unsupported notification method: statusNotification
2026-01-23 22:50:38,025 [ERROR] LogOutputStream:75 - [STDERR_REDIRECT] 
2026-01-23 22:50:38,027 [ERROR] LogOutputStream:75 - [STDERR_REDIRECT] Jan 23, 2026 10:50:38 PM org.eclipse.lsp4j.jsonrpc.services.GenericEndpoint notify
2026-01-23 22:50:38,028 [ERROR] LogOutputStream:75 - [STDERR_REDIRECT] ADVERTÊNCIA: Unsupported notification method: didChangeStatus
2026-01-23 22:50:38,028 [ERROR] LogOutputStream:75 - [STDERR_REDIRECT] 
2026-01-23 22:50:38,808 [ERROR] LogOutputStream:75 - [STDERR_REDIRECT] Jan 23, 2026 10:50:38 PM org.eclipse.lsp4j.jsonrpc.services.GenericEndpoint notify
2026-01-23 22:50:38,809 [ERROR] LogOutputStream:75 - [STDERR_REDIRECT] ADVERTÊNCIA: Unsupported notification method: statusNotification
2026-01-23 22:50:38,809 [ERROR] LogOutputStream:75 - [STDERR_REDIRECT] 
2026-01-23 22:50:38,811 [ERROR] LogOutputStream:75 - [STDERR_REDIRECT] Jan 23, 2026 10:50:38 PM org.eclipse.lsp4j.jsonrpc.services.GenericEndpoint notify
2026-01-23 22:50:38,812 [ERROR] LogOutputStream:75 - [STDERR_REDIRECT] ADVERTÊNCIA: Unsupported notification method: didChangeStatus
2026-01-23 22:50:38,812 [ERROR] LogOutputStream:75 - [STDERR_REDIRECT] 
2026-01-23 22:50:39,375 [ERROR] LogOutputStream:75 - [STDERR_REDIRECT] Jan 23, 2026 10:50:39 PM org.eclipse.lsp4j.jsonrpc.services.GenericEndpoint notify
2026-01-23 22:50:39,376 [ERROR] LogOutputStream:75 - [STDERR_REDIRECT] ADVERTÊNCIA: Unsupported notification method: statusNotification
2026-01-23 22:50:39,377 [ERROR] LogOutputStream:75 - [STDERR_REDIRECT] 
2026-01-23 22:50:39,378 [ERROR] LogOutputStream:75 - [STDERR_REDIRECT] Jan 23, 2026 10:50:39 PM org.eclipse.lsp4j.jsonrpc.services.GenericEndpoint notify
2026-01-23 22:50:39,379 [ERROR] LogOutputStream:75 - [STDERR_REDIRECT] ADVERTÊNCIA: Unsupported notification method: didChangeStatus
2026-01-23 22:50:39,379 [ERROR] LogOutputStream:75 - [STDERR_REDIRECT] 
2026-01-23 22:50:39,408 [ERROR] LogOutputStream:75 - [STDERR_REDIRECT] Jan 23, 2026 10:50:39 PM org.eclipse.lsp4j.jsonrpc.services.GenericEndpoint notify
2026-01-23 22:50:39,409 [ERROR] LogOutputStream:75 - [STDERR_REDIRECT] ADVERTÊNCIA: Unsupported notification method: statusNotification
2026-01-23 22:50:39,409 [ERROR] LogOutputStream:75 - [STDERR_REDIRECT] 
2026-01-23 22:50:39,410 [ERROR] LogOutputStream:75 - [STDERR_REDIRECT] Jan 23, 2026 10:50:39 PM org.eclipse.lsp4j.jsonrpc.services.GenericEndpoint notify
2026-01-23 22:50:39,411 [ERROR] LogOutputStream:75 - [STDERR_REDIRECT] ADVERTÊNCIA: Unsupported notification method: didChangeStatus
2026-01-23 22:50:39,411 [ERROR] LogOutputStream:75 - [STDERR_REDIRECT] 
2026-01-23 22:50:39,928 [ERROR] LogOutputStream:75 - [STDERR_REDIRECT] Jan 23, 2026 10:50:39 PM org.eclipse.lsp4j.jsonrpc.services.GenericEndpoint notify
2026-01-23 22:50:39,928 [ERROR] LogOutputStream:75 - [STDERR_REDIRECT] ADVERTÊNCIA: Unsupported notification method: statusNotification
2026-01-23 22:50:39,930 [ERROR] LogOutputStream:75 - [STDERR_REDIRECT] 
2026-01-23 22:50:39,932 [ERROR] LogOutputStream:75 - [STDERR_REDIRECT] Jan 23, 2026 10:50:39 PM org.eclipse.lsp4j.jsonrpc.services.GenericEndpoint notify
2026-01-23 22:50:39,932 [ERROR] LogOutputStream:75 - [STDERR_REDIRECT] ADVERTÊNCIA: Unsupported notification method: didChangeStatus
2026-01-23 22:50:39,932 [ERROR] LogOutputStream:75 - [STDERR_REDIRECT] 
2026-01-23 22:50:39,975 [ERROR] LogOutputStream:75 - [STDERR_REDIRECT] Jan 23, 2026 10:50:39 PM org.eclipse.lsp4j.jsonrpc.services.GenericEndpoint notify
2026-01-23 22:50:39,976 [ERROR] LogOutputStream:75 - [STDERR_REDIRECT] ADVERTÊNCIA: Unsupported notification method: statusNotification
2026-01-23 22:50:39,976 [ERROR] LogOutputStream:75 - [STDERR_REDIRECT] 
2026-01-23 22:50:39,978 [ERROR] LogOutputStream:75 - [STDERR_REDIRECT] Jan 23, 2026 10:50:39 PM org.eclipse.lsp4j.jsonrpc.services.GenericEndpoint notify
2026-01-23 22:50:39,979 [ERROR] LogOutputStream:75 - [STDERR_REDIRECT] ADVERTÊNCIA: Unsupported notification method: didChangeStatus
2026-01-23 22:50:39,979 [ERROR] LogOutputStream:75 - [STDERR_REDIRECT] 
2026-01-23 22:50:40,558 [ERROR] LogOutputStream:75 - [STDERR_REDIRECT] Jan 23, 2026 10:50:40 PM org.eclipse.lsp4j.jsonrpc.services.GenericEndpoint notify
2026-01-23 22:50:40,560 [ERROR] LogOutputStream:75 - [STDERR_REDIRECT] ADVERTÊNCIA: Unsupported notification method: statusNotification
2026-01-23 22:50:40,560 [ERROR] LogOutputStream:75 - [STDERR_REDIRECT] 
2026-01-23 22:50:40,562 [ERROR] LogOutputStream:75 - [STDERR_REDIRECT] Jan 23, 2026 10:50:40 PM org.eclipse.lsp4j.jsonrpc.services.GenericEndpoint notify
2026-01-23 22:50:40,563 [ERROR] LogOutputStream:75 - [STDERR_REDIRECT] ADVERTÊNCIA: Unsupported notification method: didChangeStatus
2026-01-23 22:50:40,563 [ERROR] LogOutputStream:75 - [STDERR_REDIRECT] 
2026-01-23 22:51:00,413 [ERROR] LogOutputStream:75 - [STDERR_REDIRECT] Jan 23, 2026 10:51:00 PM org.eclipse.lsp4j.jsonrpc.services.GenericEndpoint notify
2026-01-23 22:51:00,414 [ERROR] LogOutputStream:75 - [STDERR_REDIRECT] ADVERTÊNCIA: Unsupported notification method: statusNotification
2026-01-23 22:51:00,414 [ERROR] LogOutputStream:75 - [STDERR_REDIRECT] 
2026-01-23 22:51:00,416 [ERROR] LogOutputStream:75 - [STDERR_REDIRECT] Jan 23, 2026 10:51:00 PM org.eclipse.lsp4j.jsonrpc.services.GenericEndpoint notify
2026-01-23 22:51:00,417 [ERROR] LogOutputStream:75 - [STDERR_REDIRECT] ADVERTÊNCIA: Unsupported notification method: didChangeStatus
2026-01-23 22:51:00,417 [ERROR] LogOutputStream:75 - [STDERR_REDIRECT] 
2026-01-23 22:51:00,418 [ERROR] LogOutputStream:75 - [STDERR_REDIRECT] Jan 23, 2026 10:51:00 PM org.eclipse.lsp4j.jsonrpc.services.GenericEndpoint notify
2026-01-23 22:51:00,419 [ERROR] LogOutputStream:75 - [STDERR_REDIRECT] ADVERTÊNCIA: Unsupported notification method: statusNotification
2026-01-23 22:51:00,419 [ERROR] LogOutputStream:75 - [STDERR_REDIRECT] 
2026-01-23 22:51:00,421 [ERROR] LogOutputStream:75 - [STDERR_REDIRECT] Jan 23, 2026 10:51:00 PM org.eclipse.lsp4j.jsonrpc.services.GenericEndpoint notify
2026-01-23 22:51:00,421 [ERROR] LogOutputStream:75 - [STDERR_REDIRECT] ADVERTÊNCIA: Unsupported notification method: didChangeStatus
2026-01-23 22:51:00,422 [ERROR] LogOutputStream:75 - [STDERR_REDIRECT] 
2026-01-23 22:51:00,554 [ERROR] LogOutputStream:75 - [STDERR_REDIRECT] Jan 23, 2026 10:51:00 PM org.eclipse.lsp4j.jsonrpc.services.GenericEndpoint notify
2026-01-23 22:51:00,555 [ERROR] LogOutputStream:75 - [STDERR_REDIRECT] ADVERTÊNCIA: Unsupported notification method: statusNotification
2026-01-23 22:51:00,555 [ERROR] LogOutputStream:75 - [STDERR_REDIRECT] 
2026-01-23 22:51:00,557 [ERROR] LogOutputStream:75 - [STDERR_REDIRECT] Jan 23, 2026 10:51:00 PM org.eclipse.lsp4j.jsonrpc.services.GenericEndpoint notify
2026-01-23 22:51:00,558 [ERROR] LogOutputStream:75 - [STDERR_REDIRECT] ADVERTÊNCIA: Unsupported notification method: didChangeStatus
2026-01-23 22:51:00,558 [ERROR] LogOutputStream:75 - [STDERR_REDIRECT] 
2026-01-23 22:51:01,533 [ERROR] LogOutputStream:75 - [STDERR_REDIRECT] Jan 23, 2026 10:51:01 PM org.eclipse.lsp4j.jsonrpc.services.GenericEndpoint notify
2026-01-23 22:51:01,536 [ERROR] LogOutputStream:75 - [STDERR_REDIRECT] ADVERTÊNCIA: Unsupported notification method: statusNotification
2026-01-23 22:51:01,536 [ERROR] LogOutputStream:75 - [STDERR_REDIRECT] 
2026-01-23 22:51:01,539 [ERROR] LogOutputStream:75 - [STDERR_REDIRECT] Jan 23, 2026 10:51:01 PM org.eclipse.lsp4j.jsonrpc.services.GenericEndpoint notify
2026-01-23 22:51:01,541 [ERROR] LogOutputStream:75 - [STDERR_REDIRECT] ADVERTÊNCIA: Unsupported notification method: didChangeStatus
2026-01-23 22:51:01,541 [ERROR] LogOutputStream:75 - [STDERR_REDIRECT] 
2026-01-23 22:51:01,559 [ERROR] LogOutputStream:75 - [STDERR_REDIRECT] Jan 23, 2026 10:51:01 PM org.eclipse.lsp4j.jsonrpc.services.GenericEndpoint notify
2026-01-23 22:51:01,560 [ERROR] LogOutputStream:75 - [STDERR_REDIRECT] ADVERTÊNCIA: Unsupported notification method: statusNotification
2026-01-23 22:51:01,560 [ERROR] LogOutputStream:75 - [STDERR_REDIRECT] 
2026-01-23 22:51:01,562 [ERROR] LogOutputStream:75 - [STDERR_REDIRECT] Jan 23, 2026 10:51:01 PM org.eclipse.lsp4j.jsonrpc.services.GenericEndpoint notify
2026-01-23 22:51:01,563 [ERROR] LogOutputStream:75 - [STDERR_REDIRECT] ADVERTÊNCIA: Unsupported notification method: didChangeStatus
2026-01-23 22:51:01,563 [ERROR] LogOutputStream:75 - [STDERR_REDIRECT] 
2026-01-23 22:51:01,749 [ERROR] LogOutputStream:75 - [STDERR_REDIRECT] Jan 23, 2026 10:51:01 PM org.eclipse.lsp4j.jsonrpc.services.GenericEndpoint notify
2026-01-23 22:51:01,752 [ERROR] LogOutputStream:75 - [STDERR_REDIRECT] ADVERTÊNCIA: Unsupported notification method: statusNotification
2026-01-23 22:51:01,752 [ERROR] LogOutputStream:75 - [STDERR_REDIRECT] 
2026-01-23 22:51:01,756 [ERROR] LogOutputStream:75 - [STDERR_REDIRECT] Jan 23, 2026 10:51:01 PM org.eclipse.lsp4j.jsonrpc.services.GenericEndpoint notify
2026-01-23 22:51:01,758 [ERROR] LogOutputStream:75 - [STDERR_REDIRECT] ADVERTÊNCIA: Unsupported notification method: didChangeStatus
2026-01-23 22:51:01,758 [ERROR] LogOutputStream:75 - [STDERR_REDIRECT] 
2026-01-23 22:51:01,787 [ERROR] LogOutputStream:75 - [STDERR_REDIRECT] Jan 23, 2026 10:51:01 PM org.eclipse.lsp4j.jsonrpc.services.GenericEndpoint notify
2026-01-23 22:51:01,788 [ERROR] LogOutputStream:75 - [STDERR_REDIRECT] ADVERTÊNCIA: Unsupported notification method: statusNotification
2026-01-23 22:51:01,789 [ERROR] LogOutputStream:75 - [STDERR_REDIRECT] 
2026-01-23 22:51:01,790 [ERROR] LogOutputStream:75 - [STDERR_REDIRECT] Jan 23, 2026 10:51:01 PM org.eclipse.lsp4j.jsonrpc.services.GenericEndpoint notify
2026-01-23 22:51:01,791 [ERROR] LogOutputStream:75 - [STDERR_REDIRECT] ADVERTÊNCIA: Unsupported notification method: didChangeStatus
2026-01-23 22:51:01,791 [ERROR] LogOutputStream:75 - [STDERR_REDIRECT] 
2026-01-23 22:51:02,882 [ERROR] LogOutputStream:75 - [STDERR_REDIRECT] Jan 23, 2026 10:51:02 PM org.eclipse.lsp4j.jsonrpc.services.GenericEndpoint notify
2026-01-23 22:51:02,884 [ERROR] LogOutputStream:75 - [STDERR_REDIRECT] ADVERTÊNCIA: Unsupported notification method: statusNotification
2026-01-23 22:51:02,884 [ERROR] LogOutputStream:75 - [STDERR_REDIRECT] 
2026-01-23 22:51:02,886 [ERROR] LogOutputStream:75 - [STDERR_REDIRECT] Jan 23, 2026 10:51:02 PM org.eclipse.lsp4j.jsonrpc.services.GenericEndpoint notify
2026-01-23 22:51:02,888 [ERROR] LogOutputStream:75 - [STDERR_REDIRECT] ADVERTÊNCIA: Unsupported notification method: didChangeStatus
2026-01-23 22:51:02,888 [ERROR] LogOutputStream:75 - [STDERR_REDIRECT] 
2026-01-23 22:51:25,819 [ERROR] LogOutputStream:75 - [STDERR_REDIRECT] Jan 23, 2026 10:51:25 PM org.eclipse.lsp4j.jsonrpc.services.GenericEndpoint notify
2026-01-23 22:51:25,823 [ERROR] LogOutputStream:75 - [STDERR_REDIRECT] ADVERTÊNCIA: Unsupported notification method: statusNotification
2026-01-23 22:51:25,823 [ERROR] LogOutputStream:75 - [STDERR_REDIRECT] 
2026-01-23 22:51:25,823 [ERROR] LogOutputStream:75 - [STDERR_REDIRECT] Jan 23, 2026 10:51:25 PM org.eclipse.lsp4j.jsonrpc.services.GenericEndpoint notify
2026-01-23 22:51:25,825 [ERROR] LogOutputStream:75 - [STDERR_REDIRECT] ADVERTÊNCIA: Unsupported notification method: didChangeStatus
2026-01-23 22:51:25,825 [ERROR] LogOutputStream:75 - [STDERR_REDIRECT] 
2026-01-23 22:51:26,536 [ERROR] LogOutputStream:75 - [STDERR_REDIRECT] Jan 23, 2026 10:51:26 PM org.eclipse.lsp4j.jsonrpc.services.GenericEndpoint notify
2026-01-23 22:51:26,537 [ERROR] LogOutputStream:75 - [STDERR_REDIRECT] ADVERTÊNCIA: Unsupported notification method: statusNotification
2026-01-23 22:51:26,537 [ERROR] LogOutputStream:75 - [STDERR_REDIRECT] 
2026-01-23 22:51:26,538 [ERROR] LogOutputStream:75 - [STDERR_REDIRECT] Jan 23, 2026 10:51:26 PM org.eclipse.lsp4j.jsonrpc.services.GenericEndpoint notify
2026-01-23 22:51:26,539 [ERROR] LogOutputStream:75 - [STDERR_REDIRECT] ADVERTÊNCIA: Unsupported notification method: didChangeStatus
2026-01-23 22:51:26,539 [ERROR] LogOutputStream:75 - [STDERR_REDIRECT] 
2026-01-23 22:51:26,560 [ERROR] LogOutputStream:75 - [STDERR_REDIRECT] Jan 23, 2026 10:51:26 PM org.eclipse.lsp4j.jsonrpc.services.GenericEndpoint notify
2026-01-23 22:51:26,561 [ERROR] LogOutputStream:75 - [STDERR_REDIRECT] ADVERTÊNCIA: Unsupported notification method: statusNotification
2026-01-23 22:51:26,561 [ERROR] LogOutputStream:75 - [STDERR_REDIRECT] 
2026-01-23 22:51:26,562 [ERROR] LogOutputStream:75 - [STDERR_REDIRECT] Jan 23, 2026 10:51:26 PM org.eclipse.lsp4j.jsonrpc.services.GenericEndpoint notify
2026-01-23 22:51:26,563 [ERROR] LogOutputStream:75 - [STDERR_REDIRECT] ADVERTÊNCIA: Unsupported notification method: didChangeStatus
2026-01-23 22:51:26,563 [ERROR] LogOutputStream:75 - [STDERR_REDIRECT] 
2026-01-23 22:51:27,171 [ERROR] LogOutputStream:75 - [STDERR_REDIRECT] Jan 23, 2026 10:51:27 PM org.eclipse.lsp4j.jsonrpc.services.GenericEndpoint notify
2026-01-23 22:51:27,172 [ERROR] LogOutputStream:75 - [STDERR_REDIRECT] ADVERTÊNCIA: Unsupported notification method: statusNotification
2026-01-23 22:51:27,172 [ERROR] LogOutputStream:75 - [STDERR_REDIRECT] 
2026-01-23 22:51:27,174 [ERROR] LogOutputStream:75 - [STDERR_REDIRECT] Jan 23, 2026 10:51:27 PM org.eclipse.lsp4j.jsonrpc.services.GenericEndpoint notify
2026-01-23 22:51:27,175 [ERROR] LogOutputStream:75 - [STDERR_REDIRECT] ADVERTÊNCIA: Unsupported notification method: didChangeStatus
2026-01-23 22:51:27,175 [ERROR] LogOutputStream:75 - [STDERR_REDIRECT] 
2026-01-23 22:51:27,214 [ERROR] LogOutputStream:75 - [STDERR_REDIRECT] Jan 23, 2026 10:51:27 PM org.eclipse.lsp4j.jsonrpc.services.GenericEndpoint notify
2026-01-23 22:51:27,216 [ERROR] LogOutputStream:75 - [STDERR_REDIRECT] ADVERTÊNCIA: Unsupported notification method: statusNotification
2026-01-23 22:51:27,217 [ERROR] LogOutputStream:75 - [STDERR_REDIRECT] 
2026-01-23 22:51:27,219 [ERROR] LogOutputStream:75 - [STDERR_REDIRECT] Jan 23, 2026 10:51:27 PM org.eclipse.lsp4j.jsonrpc.services.GenericEndpoint notify
2026-01-23 22:51:27,223 [ERROR] LogOutputStream:75 - [STDERR_REDIRECT] ADVERTÊNCIA: Unsupported notification method: didChangeStatus
2026-01-23 22:51:27,223 [ERROR] LogOutputStream:75 - [STDERR_REDIRECT] 
2026-01-23 22:51:27,788 [ERROR] LogOutputStream:75 - [STDERR_REDIRECT] Jan 23, 2026 10:51:27 PM org.eclipse.lsp4j.jsonrpc.services.GenericEndpoint notify
2026-01-23 22:51:27,793 [ERROR] LogOutputStream:75 - [STDERR_REDIRECT] ADVERTÊNCIA: Unsupported notification method: statusNotification
2026-01-23 22:51:27,793 [ERROR] LogOutputStream:75 - [STDERR_REDIRECT] 
2026-01-23 22:51:27,797 [ERROR] LogOutputStream:75 - [STDERR_REDIRECT] Jan 23, 2026 10:51:27 PM org.eclipse.lsp4j.jsonrpc.services.GenericEndpoint notify
2026-01-23 22:51:27,798 [ERROR] LogOutputStream:75 - [STDERR_REDIRECT] ADVERTÊNCIA: Unsupported notification method: didChangeStatus
2026-01-23 22:51:27,798 [ERROR] LogOutputStream:75 - [STDERR_REDIRECT] 
2026-01-23 22:51:33,196 [ERROR] LogOutputStream:75 - [STDERR_REDIRECT] Jan 23, 2026 10:51:33 PM org.eclipse.lsp4j.jsonrpc.services.GenericEndpoint notify
2026-01-23 22:51:33,198 [ERROR] LogOutputStream:75 - [STDERR_REDIRECT] ADVERTÊNCIA: Unsupported notification method: statusNotification
2026-01-23 22:51:33,198 [ERROR] LogOutputStream:75 - [STDERR_REDIRECT] 
2026-01-23 22:51:33,200 [ERROR] LogOutputStream:75 - [STDERR_REDIRECT] Jan 23, 2026 10:51:33 PM org.eclipse.lsp4j.jsonrpc.services.GenericEndpoint notify
2026-01-23 22:51:33,202 [ERROR] LogOutputStream:75 - [STDERR_REDIRECT] ADVERTÊNCIA: Unsupported notification method: didChangeStatus
2026-01-23 22:51:33,202 [ERROR] LogOutputStream:75 - [STDERR_REDIRECT] 
2026-01-23 22:51:34,631 [ERROR] LogOutputStream:75 - [STDERR_REDIRECT] Jan 23, 2026 10:51:34 PM org.eclipse.lsp4j.jsonrpc.services.GenericEndpoint notify
2026-01-23 22:51:34,634 [ERROR] LogOutputStream:75 - [STDERR_REDIRECT] ADVERTÊNCIA: Unsupported notification method: statusNotification
2026-01-23 22:51:34,634 [ERROR] LogOutputStream:75 - [STDERR_REDIRECT] 
2026-01-23 22:51:34,637 [ERROR] LogOutputStream:75 - [STDERR_REDIRECT] Jan 23, 2026 10:51:34 PM org.eclipse.lsp4j.jsonrpc.services.GenericEndpoint notify
2026-01-23 22:51:34,640 [ERROR] LogOutputStream:75 - [STDERR_REDIRECT] ADVERTÊNCIA: Unsupported notification method: didChangeStatus
2026-01-23 22:51:34,640 [ERROR] LogOutputStream:75 - [STDERR_REDIRECT] 
2026-01-23 22:52:32,891 [ERROR] LogOutputStream:75 - [STDERR_REDIRECT] Jan 23, 2026 10:52:32 PM org.eclipse.lsp4j.jsonrpc.services.GenericEndpoint notify
2026-01-23 22:52:32,893 [ERROR] LogOutputStream:75 - [STDERR_REDIRECT] ADVERTÊNCIA: Unsupported notification method: statusNotification
2026-01-23 22:52:32,893 [ERROR] LogOutputStream:75 - [STDERR_REDIRECT] 
2026-01-23 22:52:32,895 [ERROR] LogOutputStream:75 - [STDERR_REDIRECT] Jan 23, 2026 10:52:32 PM org.eclipse.lsp4j.jsonrpc.services.GenericEndpoint notify
2026-01-23 22:52:32,895 [ERROR] LogOutputStream:75 - [STDERR_REDIRECT] ADVERTÊNCIA: Unsupported notification method: didChangeStatus
2026-01-23 22:52:32,896 [ERROR] LogOutputStream:75 - [STDERR_REDIRECT] 
2026-01-23 22:52:33,608 [ERROR] LogOutputStream:75 - [STDERR_REDIRECT] Jan 23, 2026 10:52:33 PM org.eclipse.lsp4j.jsonrpc.services.GenericEndpoint notify
2026-01-23 22:52:33,608 [ERROR] LogOutputStream:75 - [STDERR_REDIRECT] ADVERTÊNCIA: Unsupported notification method: statusNotification
2026-01-23 22:52:33,608 [ERROR] LogOutputStream:75 - [STDERR_REDIRECT] 
2026-01-23 22:52:33,609 [ERROR] LogOutputStream:75 - [STDERR_REDIRECT] Jan 23, 2026 10:52:33 PM org.eclipse.lsp4j.jsonrpc.services.GenericEndpoint notify
2026-01-23 22:52:33,610 [ERROR] LogOutputStream:75 - [STDERR_REDIRECT] ADVERTÊNCIA: Unsupported notification method: didChangeStatus
2026-01-23 22:52:33,610 [ERROR] LogOutputStream:75 - [STDERR_REDIRECT] 
2026-01-23 22:52:33,642 [ERROR] LogOutputStream:75 - [STDERR_REDIRECT] Jan 23, 2026 10:52:33 PM org.eclipse.lsp4j.jsonrpc.services.GenericEndpoint notify
2026-01-23 22:52:33,643 [ERROR] LogOutputStream:75 - [STDERR_REDIRECT] ADVERTÊNCIA: Unsupported notification method: statusNotification
2026-01-23 22:52:33,643 [ERROR] LogOutputStream:75 - [STDERR_REDIRECT] 
2026-01-23 22:52:33,644 [ERROR] LogOutputStream:75 - [STDERR_REDIRECT] Jan 23, 2026 10:52:33 PM org.eclipse.lsp4j.jsonrpc.services.GenericEndpoint notify
2026-01-23 22:52:33,645 [ERROR] LogOutputStream:75 - [STDERR_REDIRECT] ADVERTÊNCIA: Unsupported notification method: didChangeStatus
2026-01-23 22:52:33,645 [ERROR] LogOutputStream:75 - [STDERR_REDIRECT] 
2026-01-23 22:52:34,224 [ERROR] LogOutputStream:75 - [STDERR_REDIRECT] Jan 23, 2026 10:52:34 PM org.eclipse.lsp4j.jsonrpc.services.GenericEndpoint notify
2026-01-23 22:52:34,229 [ERROR] LogOutputStream:75 - [STDERR_REDIRECT] ADVERTÊNCIA: Unsupported notification method: statusNotification
2026-01-23 22:52:34,229 [ERROR] LogOutputStream:75 - [STDERR_REDIRECT] 
2026-01-23 22:52:34,232 [ERROR] LogOutputStream:75 - [STDERR_REDIRECT] Jan 23, 2026 10:52:34 PM org.eclipse.lsp4j.jsonrpc.services.GenericEndpoint notify
2026-01-23 22:52:34,235 [ERROR] LogOutputStream:75 - [STDERR_REDIRECT] ADVERTÊNCIA: Unsupported notification method: didChangeStatus
2026-01-23 22:52:34,235 [ERROR] LogOutputStream:75 - [STDERR_REDIRECT] 
2026-01-23 22:52:51,112 [ERROR] LogOutputStream:75 - [STDERR_REDIRECT] Jan 23, 2026 10:52:51 PM org.eclipse.lsp4j.jsonrpc.services.GenericEndpoint notify
2026-01-23 22:52:51,114 [ERROR] LogOutputStream:75 - [STDERR_REDIRECT] ADVERTÊNCIA: Unsupported notification method: statusNotification
2026-01-23 22:52:51,114 [ERROR] LogOutputStream:75 - [STDERR_REDIRECT] 
2026-01-23 22:52:51,116 [ERROR] LogOutputStream:75 - [STDERR_REDIRECT] Jan 23, 2026 10:52:51 PM org.eclipse.lsp4j.jsonrpc.services.GenericEndpoint notify
2026-01-23 22:52:51,116 [ERROR] LogOutputStream:75 - [STDERR_REDIRECT] ADVERTÊNCIA: Unsupported notification method: didChangeStatus
2026-01-23 22:52:51,116 [ERROR] LogOutputStream:75 - [STDERR_REDIRECT] 
2026-01-23 22:52:51,760 [ERROR] LogOutputStream:75 - [STDERR_REDIRECT] Jan 23, 2026 10:52:51 PM org.eclipse.lsp4j.jsonrpc.services.GenericEndpoint notify
2026-01-23 22:52:51,761 [ERROR] LogOutputStream:75 - [STDERR_REDIRECT] ADVERTÊNCIA: Unsupported notification method: statusNotification
2026-01-23 22:52:51,762 [ERROR] LogOutputStream:75 - [STDERR_REDIRECT] 
2026-01-23 22:52:51,763 [ERROR] LogOutputStream:75 - [STDERR_REDIRECT] Jan 23, 2026 10:52:51 PM org.eclipse.lsp4j.jsonrpc.services.GenericEndpoint notify
2026-01-23 22:52:51,763 [ERROR] LogOutputStream:75 - [STDERR_REDIRECT] ADVERTÊNCIA: Unsupported notification method: didChangeStatus
2026-01-23 22:52:51,763 [ERROR] LogOutputStream:75 - [STDERR_REDIRECT] 
2026-01-23 22:52:51,792 [ERROR] LogOutputStream:75 - [STDERR_REDIRECT] Jan 23, 2026 10:52:51 PM org.eclipse.lsp4j.jsonrpc.services.GenericEndpoint notify
2026-01-23 22:52:51,793 [ERROR] LogOutputStream:75 - [STDERR_REDIRECT] ADVERTÊNCIA: Unsupported notification method: statusNotification
2026-01-23 22:52:51,793 [ERROR] LogOutputStream:75 - [STDERR_REDIRECT] 
2026-01-23 22:52:51,794 [ERROR] LogOutputStream:75 - [STDERR_REDIRECT] Jan 23, 2026 10:52:51 PM org.eclipse.lsp4j.jsonrpc.services.GenericEndpoint notify
2026-01-23 22:52:51,794 [ERROR] LogOutputStream:75 - [STDERR_REDIRECT] ADVERTÊNCIA: Unsupported notification method: didChangeStatus
2026-01-23 22:52:51,794 [ERROR] LogOutputStream:75 - [STDERR_REDIRECT] 
2026-01-23 22:52:52,457 [ERROR] LogOutputStream:75 - [STDERR_REDIRECT] Jan 23, 2026 10:52:52 PM org.eclipse.lsp4j.jsonrpc.services.GenericEndpoint notify
2026-01-23 22:52:52,460 [ERROR] LogOutputStream:75 - [STDERR_REDIRECT] ADVERTÊNCIA: Unsupported notification method: statusNotification
2026-01-23 22:52:52,460 [ERROR] LogOutputStream:75 - [STDERR_REDIRECT] 
2026-01-23 22:52:52,463 [ERROR] LogOutputStream:75 - [STDERR_REDIRECT] Jan 23, 2026 10:52:52 PM org.eclipse.lsp4j.jsonrpc.services.GenericEndpoint notify
2026-01-23 22:52:52,465 [ERROR] LogOutputStream:75 - [STDERR_REDIRECT] ADVERTÊNCIA: Unsupported notification method: didChangeStatus
2026-01-23 22:52:52,466 [ERROR] LogOutputStream:75 - [STDERR_REDIRECT] 
2026-01-23 22:52:52,512 [ERROR] LogOutputStream:75 - [STDERR_REDIRECT] Jan 23, 2026 10:52:52 PM org.eclipse.lsp4j.jsonrpc.services.GenericEndpoint notify
2026-01-23 22:52:52,514 [ERROR] LogOutputStream:75 - [STDERR_REDIRECT] ADVERTÊNCIA: Unsupported notification method: statusNotification
2026-01-23 22:52:52,515 [ERROR] LogOutputStream:75 - [STDERR_REDIRECT] 
2026-01-23 22:52:52,519 [ERROR] LogOutputStream:75 - [STDERR_REDIRECT] Jan 23, 2026 10:52:52 PM org.eclipse.lsp4j.jsonrpc.services.GenericEndpoint notify
2026-01-23 22:52:52,521 [ERROR] LogOutputStream:75 - [STDERR_REDIRECT] ADVERTÊNCIA: Unsupported notification method: didChangeStatus
2026-01-23 22:52:52,521 [ERROR] LogOutputStream:75 - [STDERR_REDIRECT] 
2026-01-23 22:52:53,120 [ERROR] LogOutputStream:75 - [STDERR_REDIRECT] Jan 23, 2026 10:52:53 PM org.eclipse.lsp4j.jsonrpc.services.GenericEndpoint notify
2026-01-23 22:52:53,121 [ERROR] LogOutputStream:75 - [STDERR_REDIRECT] ADVERTÊNCIA: Unsupported notification method: statusNotification
2026-01-23 22:52:53,121 [ERROR] LogOutputStream:75 - [STDERR_REDIRECT] 
2026-01-23 22:52:53,124 [ERROR] LogOutputStream:75 - [STDERR_REDIRECT] Jan 23, 2026 10:52:53 PM org.eclipse.lsp4j.jsonrpc.services.GenericEndpoint notify
2026-01-23 22:52:53,124 [ERROR] LogOutputStream:75 - [STDERR_REDIRECT] ADVERTÊNCIA: Unsupported notification method: didChangeStatus
2026-01-23 22:52:53,124 [ERROR] LogOutputStream:75 - [STDERR_REDIRECT] 
